c:\users\sandr\onedrive\documents\github\quest-1-object-factory-xml-crack_the_hack_schacht_juarez\level 1 assignment\temp\vc142.pdb
c:\users\sandr\onedrive\documents\github\quest-1-object-factory-xml-crack_the_hack_schacht_juarez\level 1 assignment\temp\vc142.idb
c:\users\sandr\onedrive\documents\github\quest-1-object-factory-xml-crack_the_hack_schacht_juarez\level 1 assignment\temp\view.obj
c:\users\sandr\onedrive\documents\github\quest-1-object-factory-xml-crack_the_hack_schacht_juarez\level 1 assignment\temp\tinyxml2.obj
c:\users\sandr\onedrive\documents\github\quest-1-object-factory-xml-crack_the_hack_schacht_juarez\level 1 assignment\temp\timer.obj
c:\users\sandr\onedrive\documents\github\quest-1-object-factory-xml-crack_the_hack_schacht_juarez\level 1 assignment\temp\texture.obj
c:\users\sandr\onedrive\documents\github\quest-1-object-factory-xml-crack_the_hack_schacht_juarez\level 1 assignment\temp\source.obj
c:\users\sandr\onedrive\documents\github\quest-1-object-factory-xml-crack_the_hack_schacht_juarez\level 1 assignment\temp\playerfactory.obj
c:\users\sandr\onedrive\documents\github\quest-1-object-factory-xml-crack_the_hack_schacht_juarez\level 1 assignment\temp\player.obj
c:\users\sandr\onedrive\documents\github\quest-1-object-factory-xml-crack_the_hack_schacht_juarez\level 1 assignment\temp\objectfactory.obj
c:\users\sandr\onedrive\documents\github\quest-1-object-factory-xml-crack_the_hack_schacht_juarez\level 1 assignment\temp\object.obj
c:\users\sandr\onedrive\documents\github\quest-1-object-factory-xml-crack_the_hack_schacht_juarez\level 1 assignment\temp\monsterfactory.obj
c:\users\sandr\onedrive\documents\github\quest-1-object-factory-xml-crack_the_hack_schacht_juarez\level 1 assignment\temp\monster.obj
c:\users\sandr\onedrive\documents\github\quest-1-object-factory-xml-crack_the_hack_schacht_juarez\level 1 assignment\temp\library.obj
c:\users\sandr\onedrive\documents\github\quest-1-object-factory-xml-crack_the_hack_schacht_juarez\level 1 assignment\temp\inputdevice.obj
c:\users\sandr\onedrive\documents\github\quest-1-object-factory-xml-crack_the_hack_schacht_juarez\level 1 assignment\temp\graphicsdevice.obj
c:\users\sandr\onedrive\documents\github\quest-1-object-factory-xml-crack_the_hack_schacht_juarez\level 1 assignment\temp\engine.obj
c:\users\sandr\onedrive\desktop\quest2-werror\quest-2-sdl2-crack_the_hack_schacht_juarez-main\quest-2-sdl2-crack_the_hack_schacht_juarez-main\level 1 assignment\temp\vc142.pdb
c:\users\sandr\onedrive\desktop\quest2-werror\quest-2-sdl2-crack_the_hack_schacht_juarez-main\quest-2-sdl2-crack_the_hack_schacht_juarez-main\level 1 assignment\temp\vc142.idb
c:\users\sandr\onedrive\desktop\quest2-werror\quest-2-sdl2-crack_the_hack_schacht_juarez-main\quest-2-sdl2-crack_the_hack_schacht_juarez-main\level 1 assignment\temp\view.obj
c:\users\sandr\onedrive\desktop\quest2-werror\quest-2-sdl2-crack_the_hack_schacht_juarez-main\quest-2-sdl2-crack_the_hack_schacht_juarez-main\level 1 assignment\temp\tinyxml2.obj
c:\users\sandr\onedrive\desktop\quest2-werror\quest-2-sdl2-crack_the_hack_schacht_juarez-main\quest-2-sdl2-crack_the_hack_schacht_juarez-main\level 1 assignment\temp\timer.obj
c:\users\sandr\onedrive\desktop\quest2-werror\quest-2-sdl2-crack_the_hack_schacht_juarez-main\quest-2-sdl2-crack_the_hack_schacht_juarez-main\level 1 assignment\temp\texture.obj
c:\users\sandr\onedrive\desktop\quest2-werror\quest-2-sdl2-crack_the_hack_schacht_juarez-main\quest-2-sdl2-crack_the_hack_schacht_juarez-main\level 1 assignment\temp\source.obj
c:\users\sandr\onedrive\desktop\quest2-werror\quest-2-sdl2-crack_the_hack_schacht_juarez-main\quest-2-sdl2-crack_the_hack_schacht_juarez-main\level 1 assignment\temp\playerfactory.obj
c:\users\sandr\onedrive\desktop\quest2-werror\quest-2-sdl2-crack_the_hack_schacht_juarez-main\quest-2-sdl2-crack_the_hack_schacht_juarez-main\level 1 assignment\temp\player.obj
c:\users\sandr\onedrive\desktop\quest2-werror\quest-2-sdl2-crack_the_hack_schacht_juarez-main\quest-2-sdl2-crack_the_hack_schacht_juarez-main\level 1 assignment\temp\objectfactory.obj
c:\users\sandr\onedrive\desktop\quest2-werror\quest-2-sdl2-crack_the_hack_schacht_juarez-main\quest-2-sdl2-crack_the_hack_schacht_juarez-main\level 1 assignment\temp\object.obj
c:\users\sandr\onedrive\desktop\quest2-werror\quest-2-sdl2-crack_the_hack_schacht_juarez-main\quest-2-sdl2-crack_the_hack_schacht_juarez-main\level 1 assignment\temp\monsterfactory.obj
c:\users\sandr\onedrive\desktop\quest2-werror\quest-2-sdl2-crack_the_hack_schacht_juarez-main\quest-2-sdl2-crack_the_hack_schacht_juarez-main\level 1 assignment\temp\monster.obj
c:\users\sandr\onedrive\desktop\quest2-werror\quest-2-sdl2-crack_the_hack_schacht_juarez-main\quest-2-sdl2-crack_the_hack_schacht_juarez-main\level 1 assignment\temp\library.obj
c:\users\sandr\onedrive\desktop\quest2-werror\quest-2-sdl2-crack_the_hack_schacht_juarez-main\quest-2-sdl2-crack_the_hack_schacht_juarez-main\level 1 assignment\temp\inputdevice.obj
c:\users\sandr\onedrive\desktop\quest2-werror\quest-2-sdl2-crack_the_hack_schacht_juarez-main\quest-2-sdl2-crack_the_hack_schacht_juarez-main\level 1 assignment\temp\graphicsdevice.obj
c:\users\sandr\onedrive\desktop\quest2-werror\quest-2-sdl2-crack_the_hack_schacht_juarez-main\quest-2-sdl2-crack_the_hack_schacht_juarez-main\level 1 assignment\temp\engine.obj
c:\users\sandr\onedrive\desktop\quest2-werror\quest-2-sdl2-crack_the_hack_schacht_juarez-main\quest-2-sdl2-crack_the_hack_schacht_juarez-main\level 1 assignment\temp\component.obj
c:\users\sandr\onedrive\documents\github\quest-1-object-factory-xml-crack_the_hack_schacht_juarez\level 1 assignment\game\level 1 assignment.ilk
c:\users\sandr\onedrive\documents\github\quest-1-object-factory-xml-crack_the_hack_schacht_juarez\level 1 assignment\game\level 1 assignment.exe
c:\users\sandr\onedrive\documents\github\quest-1-object-factory-xml-crack_the_hack_schacht_juarez\level 1 assignment\game\level 1 assignment.pdb
c:\users\sandr\onedrive\desktop\quest2-werror\quest-2-sdl2-crack_the_hack_schacht_juarez-main\quest-2-sdl2-crack_the_hack_schacht_juarez-main\level 1 assignment\game\level 1 assignment.exe
c:\users\sandr\onedrive\desktop\quest2-werror\quest-2-sdl2-crack_the_hack_schacht_juarez-main\quest-2-sdl2-crack_the_hack_schacht_juarez-main\level 1 assignment\game\level 1 assignment.ilk
c:\users\sandr\onedrive\desktop\quest2-werror\quest-2-sdl2-crack_the_hack_schacht_juarez-main\quest-2-sdl2-crack_the_hack_schacht_juarez-main\level 1 assignment\game\level 1 assignment.pdb
c:\users\sandr\onedrive\desktop\quest2-werror\quest-2-sdl2-crack_the_hack_schacht_juarez-main\quest-2-sdl2-crack_the_hack_schacht_juarez-main\level 1 assignment\temp\level 1 .be623a96.tlog\cl.command.1.tlog
c:\users\sandr\onedrive\desktop\quest2-werror\quest-2-sdl2-crack_the_hack_schacht_juarez-main\quest-2-sdl2-crack_the_hack_schacht_juarez-main\level 1 assignment\temp\level 1 .be623a96.tlog\cl.read.1.tlog
c:\users\sandr\onedrive\desktop\quest2-werror\quest-2-sdl2-crack_the_hack_schacht_juarez-main\quest-2-sdl2-crack_the_hack_schacht_juarez-main\level 1 assignment\temp\level 1 .be623a96.tlog\cl.write.1.tlog
c:\users\sandr\onedrive\desktop\quest2-werror\quest-2-sdl2-crack_the_hack_schacht_juarez-main\quest-2-sdl2-crack_the_hack_schacht_juarez-main\level 1 assignment\temp\level 1 .be623a96.tlog\link.command.1.tlog
c:\users\sandr\onedrive\desktop\quest2-werror\quest-2-sdl2-crack_the_hack_schacht_juarez-main\quest-2-sdl2-crack_the_hack_schacht_juarez-main\level 1 assignment\temp\level 1 .be623a96.tlog\link.read.1.tlog
c:\users\sandr\onedrive\desktop\quest2-werror\quest-2-sdl2-crack_the_hack_schacht_juarez-main\quest-2-sdl2-crack_the_hack_schacht_juarez-main\level 1 assignment\temp\level 1 .be623a96.tlog\link.write.1.tlog
